This file contains any messages produced by compilers while
running configure, to aid debugging if configure makes a mistake.

It was created by Nautiluscoin Core configure 1.2.0, which was
generated by GNU Autoconf 2.63.  Invocation command line was

  $ ./configure 

## --------- ##
## Platform. ##
## --------- ##

hostname = crypto.medelin.net
uname -m = x86_64
uname -r = 2.6.32-504.12.2.el6.x86_64
uname -s = Linux
uname -v = #1 SMP Wed Mar 11 22:03:14 UTC 2015

/usr/bin/uname -p = unknown
/bin/uname -X     = unknown

/bin/arch              = x86_64
/usr/bin/arch -k       = unknown
/usr/convex/getsysinfo = unknown
/usr/bin/hostinfo      = unknown
/bin/machine           = unknown
/usr/bin/oslevel       = unknown
/bin/universe          = unknown

PATH: /usr/local/sbin
PATH: /usr/local/bin
PATH: /sbin
PATH: /bin
PATH: /usr/sbin
PATH: /usr/bin
PATH: /root/bin


## ----------- ##
## Core tests. ##
## ----------- ##

configure:2160: checking build system type
configure:2178: result: x86_64-unknown-linux-gnu
configure:2200: checking host system type
configure:2215: result: x86_64-unknown-linux-gnu
configure:2361: checking for a BSD-compatible install
configure:2429: result: /usr/bin/install -c
configure:2440: checking whether build environment is sane
configure:2500: result: yes
configure:2641: checking for a thread-safe mkdir -p
configure:2680: result: /bin/mkdir -p
configure:2693: checking for gawk
configure:2709: found /bin/gawk
configure:2720: result: gawk
configure:2731: checking whether make sets $(MAKE)
configure:2753: result: yes
configure:2828: checking whether to disable maintainer-specific portions of Makefiles
configure:2837: result: yes
configure:3026: checking for g++
configure:3042: found /usr/bin/g++
configure:3053: result: g++
configure:3080: checking for C++ compiler version
configure:3088: g++ --version >&5
g++ (GCC) 4.4.7 20120313 (Red Hat 4.4.7-11)
Copyright (C) 2010 Free Software Foundation, Inc.
This is free software; see the source for copying conditions.  There is NO
warranty; not even for MERCHANTABILITY or FITNESS FOR A PARTICULAR PURPOSE.

configure:3092: $? = 0
configure:3099: g++ -v >&5
Using built-in specs.
Target: x86_64-redhat-linux
Configured with: ../configure --prefix=/usr --mandir=/usr/share/man --infodir=/usr/share/info --with-bugurl=http://bugzilla.redhat.com/bugzilla --enable-bootstrap --enable-shared --enable-threads=posix --enable-checking=release --with-system-zlib --enable-__cxa_atexit --disable-libunwind-exceptions --enable-gnu-unique-object --enable-languages=c,c++,objc,obj-c++,java,fortran,ada --enable-java-awt=gtk --disable-dssi --with-java-home=/usr/lib/jvm/java-1.5.0-gcj-1.5.0.0/jre --enable-libgcj-multifile --enable-java-maintainer-mode --with-ecj-jar=/usr/share/java/eclipse-ecj.jar --disable-libjava-multilib --with-ppl --with-cloog --with-tune=generic --with-arch_32=i686 --build=x86_64-redhat-linux
Thread model: posix
gcc version 4.4.7 20120313 (Red Hat 4.4.7-11) (GCC) 
configure:3103: $? = 0
configure:3110: g++ -V >&5
g++: '-V' option must have argument
configure:3114: $? = 1
configure:3137: checking for C++ compiler default output file name
configure:3159: g++    conftest.cpp  >&5
configure:3163: $? = 0
configure:3201: result: a.out
configure:3220: checking whether the C++ compiler works
configure:3230: ./a.out
configure:3234: $? = 0
configure:3253: result: yes
configure:3260: checking whether we are cross compiling
configure:3262: result: no
configure:3265: checking for suffix of executables
configure:3272: g++ -o conftest    conftest.cpp  >&5
configure:3276: $? = 0
configure:3302: result: 
configure:3308: checking for suffix of object files
configure:3334: g++ -c   conftest.cpp >&5
configure:3338: $? = 0
configure:3363: result: o
configure:3367: checking whether we are using the GNU C++ compiler
configure:3396: g++ -c   conftest.cpp >&5
configure:3403: $? = 0
configure:3420: result: yes
configure:3429: checking whether g++ accepts -g
configure:3459: g++ -c -g  conftest.cpp >&5
configure:3466: $? = 0
configure:3567: result: yes
configure:3601: checking for style of include used by make
configure:3629: result: GNU
configure:3654: checking dependency style of g++
configure:3764: result: gcc3
configure:3827: checking for gcc
configure:3843: found /usr/bin/gcc
configure:3854: result: gcc
configure:4086: checking for C compiler version
configure:4094: gcc --version >&5
gcc (GCC) 4.4.7 20120313 (Red Hat 4.4.7-11)
Copyright (C) 2010 Free Software Foundation, Inc.
This is free software; see the source for copying conditions.  There is NO
warranty; not even for MERCHANTABILITY or FITNESS FOR A PARTICULAR PURPOSE.

configure:4098: $? = 0
configure:4105: gcc -v >&5
Using built-in specs.
Target: x86_64-redhat-linux
Configured with: ../configure --prefix=/usr --mandir=/usr/share/man --infodir=/usr/share/info --with-bugurl=http://bugzilla.redhat.com/bugzilla --enable-bootstrap --enable-shared --enable-threads=posix --enable-checking=release --with-system-zlib --enable-__cxa_atexit --disable-libunwind-exceptions --enable-gnu-unique-object --enable-languages=c,c++,objc,obj-c++,java,fortran,ada --enable-java-awt=gtk --disable-dssi --with-java-home=/usr/lib/jvm/java-1.5.0-gcj-1.5.0.0/jre --enable-libgcj-multifile --enable-java-maintainer-mode --with-ecj-jar=/usr/share/java/eclipse-ecj.jar --disable-libjava-multilib --with-ppl --with-cloog --with-tune=generic --with-arch_32=i686 --build=x86_64-redhat-linux
Thread model: posix
gcc version 4.4.7 20120313 (Red Hat 4.4.7-11) (GCC) 
configure:4109: $? = 0
configure:4116: gcc -V >&5
gcc: '-V' option must have argument
configure:4120: $? = 1
configure:4123: checking whether we are using the GNU C compiler
configure:4152: gcc -c   conftest.c >&5
configure:4159: $? = 0
configure:4176: result: yes
configure:4185: checking whether gcc accepts -g
configure:4215: gcc -c -g  conftest.c >&5
configure:4222: $? = 0
configure:4323: result: yes
configure:4340: checking for gcc option to accept ISO C89
configure:4414: gcc  -c -g -O2  conftest.c >&5
configure:4421: $? = 0
configure:4444: result: none needed
configure:4464: checking dependency style of gcc
configure:4574: result: gcc3
configure:4594: checking how to run the C preprocessor
configure:4634: gcc -E  conftest.c
configure:4641: $? = 0
configure:4672: gcc -E  conftest.c
conftest.c:8:28: error: ac_nonexistent.h: No such file or directory
configure:4679: $? = 1
configure: failed program was:
| /* confdefs.h.  */
| #define PACKAGE_NAME "Nautiluscoin Core"
| #define PACKAGE_TARNAME "nautiluscoin"
| #define PACKAGE_VERSION "1.2.0"
| #define PACKAGE_STRING "Nautiluscoin Core 1.2.0"
| #define PACKAGE_BUGREPORT "support@nautiluscoin.co"
| /* end confdefs.h.  */
| #include <ac_nonexistent.h>
configure:4712: result: gcc -E
configure:4741: gcc -E  conftest.c
configure:4748: $? = 0
configure:4779: gcc -E  conftest.c
conftest.c:8:28: error: ac_nonexistent.h: No such file or directory
configure:4786: $? = 1
configure: failed program was:
| /* confdefs.h.  */
| #define PACKAGE_NAME "Nautiluscoin Core"
| #define PACKAGE_TARNAME "nautiluscoin"
| #define PACKAGE_VERSION "1.2.0"
| #define PACKAGE_STRING "Nautiluscoin Core 1.2.0"
| #define PACKAGE_BUGREPORT "support@nautiluscoin.co"
| /* end confdefs.h.  */
| #include <ac_nonexistent.h>
configure:4830: checking how to run the C++ preprocessor
configure:4866: g++ -E  conftest.cpp
configure:4873: $? = 0
configure:4904: g++ -E  conftest.cpp
conftest.cpp:8:28: error: ac_nonexistent.h: No such file or directory
configure:4911: $? = 1
configure: failed program was:
| /* confdefs.h.  */
| #define PACKAGE_NAME "Nautiluscoin Core"
| #define PACKAGE_TARNAME "nautiluscoin"
| #define PACKAGE_VERSION "1.2.0"
| #define PACKAGE_STRING "Nautiluscoin Core 1.2.0"
| #define PACKAGE_BUGREPORT "support@nautiluscoin.co"
| /* end confdefs.h.  */
| #include <ac_nonexistent.h>
configure:4944: result: g++ -E
configure:4973: g++ -E  conftest.cpp
configure:4980: $? = 0
configure:5011: g++ -E  conftest.cpp
conftest.cpp:8:28: error: ac_nonexistent.h: No such file or directory
configure:5018: $? = 1
configure: failed program was:
| /* confdefs.h.  */
| #define PACKAGE_NAME "Nautiluscoin Core"
| #define PACKAGE_TARNAME "nautiluscoin"
| #define PACKAGE_VERSION "1.2.0"
| #define PACKAGE_STRING "Nautiluscoin Core 1.2.0"
| #define PACKAGE_BUGREPORT "support@nautiluscoin.co"
| /* end confdefs.h.  */
| #include <ac_nonexistent.h>
configure:5071: checking for a BSD-compatible install
configure:5139: result: /usr/bin/install -c
configure:5204: checking for gcc
configure:5220: found /usr/bin/gcc
configure:5231: result: gcc
configure:5256: checking for Objective C compiler version
configure:5264: gcc --version >&5
gcc (GCC) 4.4.7 20120313 (Red Hat 4.4.7-11)
Copyright (C) 2010 Free Software Foundation, Inc.
This is free software; see the source for copying conditions.  There is NO
warranty; not even for MERCHANTABILITY or FITNESS FOR A PARTICULAR PURPOSE.

configure:5268: $? = 0
configure:5275: gcc -v >&5
Using built-in specs.
Target: x86_64-redhat-linux
Configured with: ../configure --prefix=/usr --mandir=/usr/share/man --infodir=/usr/share/info --with-bugurl=http://bugzilla.redhat.com/bugzilla --enable-bootstrap --enable-shared --enable-threads=posix --enable-checking=release --with-system-zlib --enable-__cxa_atexit --disable-libunwind-exceptions --enable-gnu-unique-object --enable-languages=c,c++,objc,obj-c++,java,fortran,ada --enable-java-awt=gtk --disable-dssi --with-java-home=/usr/lib/jvm/java-1.5.0-gcj-1.5.0.0/jre --enable-libgcj-multifile --enable-java-maintainer-mode --with-ecj-jar=/usr/share/java/eclipse-ecj.jar --disable-libjava-multilib --with-ppl --with-cloog --with-tune=generic --with-arch_32=i686 --build=x86_64-redhat-linux
Thread model: posix
gcc version 4.4.7 20120313 (Red Hat 4.4.7-11) (GCC) 
configure:5279: $? = 0
configure:5286: gcc -V >&5
gcc: '-V' option must have argument
configure:5290: $? = 1
configure:5293: checking whether we are using the GNU Objective C compiler
configure:5322: gcc -c   conftest.m >&5
gcc: error trying to exec 'cc1obj': execvp: No such file or directory
configure:5329: $? = 1
configure: failed program was:
| /* confdefs.h.  */
| #define PACKAGE_NAME "Nautiluscoin Core"
| #define PACKAGE_TARNAME "nautiluscoin"
| #define PACKAGE_VERSION "1.2.0"
| #define PACKAGE_STRING "Nautiluscoin Core 1.2.0"
| #define PACKAGE_BUGREPORT "support@nautiluscoin.co"
| /* end confdefs.h.  */
| 
| int
| main ()
| {
| #ifndef __GNUC__
|        choke me
| #endif
| 
|   ;
|   return 0;
| }
configure:5346: result: no
configure:5355: checking whether gcc accepts -g
configure:5385: gcc -c -g  conftest.m >&5
gcc: error trying to exec 'cc1obj': execvp: No such file or directory
configure:5392: $? = 1
configure: failed program was:
| /* confdefs.h.  */
| #define PACKAGE_NAME "Nautiluscoin Core"
| #define PACKAGE_TARNAME "nautiluscoin"
| #define PACKAGE_VERSION "1.2.0"
| #define PACKAGE_STRING "Nautiluscoin Core 1.2.0"
| #define PACKAGE_BUGREPORT "support@nautiluscoin.co"
| /* end confdefs.h.  */
| 
| int
| main ()
| {
| 
|   ;
|   return 0;
| }
configure:5424: gcc -c   conftest.m >&5
gcc: error trying to exec 'cc1obj': execvp: No such file or directory
configure:5431: $? = 1
configure: failed program was:
| /* confdefs.h.  */
| #define PACKAGE_NAME "Nautiluscoin Core"
| #define PACKAGE_TARNAME "nautiluscoin"
| #define PACKAGE_VERSION "1.2.0"
| #define PACKAGE_STRING "Nautiluscoin Core 1.2.0"
| #define PACKAGE_BUGREPORT "support@nautiluscoin.co"
| /* end confdefs.h.  */
| 
| int
| main ()
| {
| 
|   ;
|   return 0;
| }
configure:5464: gcc -c -g  conftest.m >&5
gcc: error trying to exec 'cc1obj': execvp: No such file or directory
configure:5471: $? = 1
configure: failed program was:
| /* confdefs.h.  */
| #define PACKAGE_NAME "Nautiluscoin Core"
| #define PACKAGE_TARNAME "nautiluscoin"
| #define PACKAGE_VERSION "1.2.0"
| #define PACKAGE_STRING "Nautiluscoin Core 1.2.0"
| #define PACKAGE_BUGREPORT "support@nautiluscoin.co"
| /* end confdefs.h.  */
| 
| int
| main ()
| {
| 
|   ;
|   return 0;
| }
configure:5493: result: no
configure:5518: checking dependency style of gcc
configure:5626: result: gcc3
configure:5642: checking for a thread-safe mkdir -p
configure:5681: result: /bin/mkdir -p
configure:5684: checking for a sed that does not truncate output
configure:5750: result: /bin/sed
configure:5801: checking for ar
configure:5819: found /usr/bin/ar
configure:5831: result: /usr/bin/ar
configure:5899: checking for ranlib
configure:5917: found /usr/bin/ranlib
configure:5929: result: /usr/bin/ranlib
configure:5997: checking for strip
configure:6015: found /usr/bin/strip
configure:6027: result: /usr/bin/strip
configure:6095: checking for gcov
configure:6113: found /usr/bin/gcov
configure:6125: result: /usr/bin/gcov
configure:6149: checking for lcov
configure:6182: result: no
configure:6189: checking for java
configure:6222: result: no
configure:6229: checking for genhtml
configure:6262: result: no
configure:6269: checking for git
configure:6287: found /usr/bin/git
configure:6299: result: /usr/bin/git
configure:6309: checking for ccache
configure:6342: result: no
configure:6349: checking for xgettext
configure:6367: found /usr/bin/xgettext
configure:6379: result: /usr/bin/xgettext
configure:6389: checking for hexdump
configure:6407: found /usr/bin/hexdump
configure:6419: result: /usr/bin/hexdump
configure:6481: checking for pkg-config
configure:6499: found /usr/bin/pkg-config
configure:6511: result: /usr/bin/pkg-config
configure:6536: checking pkg-config is at least version 0.26
configure:6542: result: no
configure:8551: checking for grep that handles long lines and -e
configure:8611: result: /bin/grep
configure:8616: checking for egrep
configure:8680: result: /bin/grep -E
configure:8685: checking for ANSI C header files
configure:8715: g++ -c -g -O2 -Wall -Wextra -Wformat -Wformat-security -Wno-unused-parameter  -DBOOST_SPIRIT_THREADSAFE -DHAVE_BUILD_INFO -D__STDC_FORMAT_MACROS conftest.cpp >&5
configure:8722: $? = 0
configure:8821: g++ -o conftest -g -O2 -Wall -Wextra -Wformat -Wformat-security -Wno-unused-parameter  -DBOOST_SPIRIT_THREADSAFE -DHAVE_BUILD_INFO -D__STDC_FORMAT_MACROS  conftest.cpp  >&5
configure:8825: $? = 0
configure:8831: ./conftest
configure:8835: $? = 0
configure:8853: result: yes
configure:8877: checking for sys/types.h
configure:8898: g++ -c -g -O2 -Wall -Wextra -Wformat -Wformat-security -Wno-unused-parameter  -DBOOST_SPIRIT_THREADSAFE -DHAVE_BUILD_INFO -D__STDC_FORMAT_MACROS conftest.cpp >&5
configure:8905: $? = 0
configure:8922: result: yes
configure:8877: checking for sys/stat.h
configure:8898: g++ -c -g -O2 -Wall -Wextra -Wformat -Wformat-security -Wno-unused-parameter  -DBOOST_SPIRIT_THREADSAFE -DHAVE_BUILD_INFO -D__STDC_FORMAT_MACROS conftest.cpp >&5
configure:8905: $? = 0
configure:8922: result: yes
configure:8877: checking for stdlib.h
configure:8898: g++ -c -g -O2 -Wall -Wextra -Wformat -Wformat-security -Wno-unused-parameter  -DBOOST_SPIRIT_THREADSAFE -DHAVE_BUILD_INFO -D__STDC_FORMAT_MACROS conftest.cpp >&5
configure:8905: $? = 0
configure:8922: result: yes
configure:8877: checking for string.h
configure:8898: g++ -c -g -O2 -Wall -Wextra -Wformat -Wformat-security -Wno-unused-parameter  -DBOOST_SPIRIT_THREADSAFE -DHAVE_BUILD_INFO -D__STDC_FORMAT_MACROS conftest.cpp >&5
configure:8905: $? = 0
configure:8922: result: yes
configure:8877: checking for memory.h
configure:8898: g++ -c -g -O2 -Wall -Wextra -Wformat -Wformat-security -Wno-unused-parameter  -DBOOST_SPIRIT_THREADSAFE -DHAVE_BUILD_INFO -D__STDC_FORMAT_MACROS conftest.cpp >&5
configure:8905: $? = 0
configure:8922: result: yes
configure:8877: checking for strings.h
configure:8898: g++ -c -g -O2 -Wall -Wextra -Wformat -Wformat-security -Wno-unused-parameter  -DBOOST_SPIRIT_THREADSAFE -DHAVE_BUILD_INFO -D__STDC_FORMAT_MACROS conftest.cpp >&5
configure:8905: $? = 0
configure:8922: result: yes
configure:8877: checking for inttypes.h
configure:8898: g++ -c -g -O2 -Wall -Wextra -Wformat -Wformat-security -Wno-unused-parameter  -DBOOST_SPIRIT_THREADSAFE -DHAVE_BUILD_INFO -D__STDC_FORMAT_MACROS conftest.cpp >&5
configure:8905: $? = 0
configure:8922: result: yes
configure:8877: checking for stdint.h
configure:8898: g++ -c -g -O2 -Wall -Wextra -Wformat -Wformat-security -Wno-unused-parameter  -DBOOST_SPIRIT_THREADSAFE -DHAVE_BUILD_INFO -D__STDC_FORMAT_MACROS conftest.cpp >&5
configure:8905: $? = 0
configure:8922: result: yes
configure:8877: checking for unistd.h
configure:8898: g++ -c -g -O2 -Wall -Wextra -Wformat -Wformat-security -Wno-unused-parameter  -DBOOST_SPIRIT_THREADSAFE -DHAVE_BUILD_INFO -D__STDC_FORMAT_MACROS conftest.cpp >&5
configure:8905: $? = 0
configure:8922: result: yes
configure:8937: checking whether byte ordering is bigendian
configure:8962: g++ -c -g -O2 -Wall -Wextra -Wformat -Wformat-security -Wno-unused-parameter  -DBOOST_SPIRIT_THREADSAFE -DHAVE_BUILD_INFO -D__STDC_FORMAT_MACROS conftest.cpp >&5
conftest.cpp:19: error: expected unqualified-id before '!' token
configure:8969: $? = 1
configure: failed program was:
| /* confdefs.h.  */
| #define PACKAGE_NAME "Nautiluscoin Core"
| #define PACKAGE_TARNAME "nautiluscoin"
| #define PACKAGE_VERSION "1.2.0"
| #define PACKAGE_STRING "Nautiluscoin Core 1.2.0"
| #define PACKAGE_BUGREPORT "support@nautiluscoin.co"
| #define STDC_HEADERS 1
| #define HAVE_SYS_TYPES_H 1
| #define HAVE_SYS_STAT_H 1
| #define HAVE_STDLIB_H 1
| #define HAVE_STRING_H 1
| #define HAVE_MEMORY_H 1
| #define HAVE_STRINGS_H 1
| #define HAVE_INTTYPES_H 1
| #define HAVE_STDINT_H 1
| #define HAVE_UNISTD_H 1
| /* end confdefs.h.  */
| #ifndef __APPLE_CC__
| 	       not a universal capable compiler
| 	     #endif
| 	     typedef int dummy;
| 
configure:9019: g++ -c -g -O2 -Wall -Wextra -Wformat -Wformat-security -Wno-unused-parameter  -DBOOST_SPIRIT_THREADSAFE -DHAVE_BUILD_INFO -D__STDC_FORMAT_MACROS conftest.cpp >&5
configure:9026: $? = 0
configure:9058: g++ -c -g -O2 -Wall -Wextra -Wformat -Wformat-security -Wno-unused-parameter  -DBOOST_SPIRIT_THREADSAFE -DHAVE_BUILD_INFO -D__STDC_FORMAT_MACROS conftest.cpp >&5
conftest.cpp: In function 'int main()':
conftest.cpp:25: error: 'big' was not declared in this scope
conftest.cpp:25: error: expected ';' before 'endian'
configure:9065: $? = 1
configure: failed program was:
| /* confdefs.h.  */
| #define PACKAGE_NAME "Nautiluscoin Core"
| #define PACKAGE_TARNAME "nautiluscoin"
| #define PACKAGE_VERSION "1.2.0"
| #define PACKAGE_STRING "Nautiluscoin Core 1.2.0"
| #define PACKAGE_BUGREPORT "support@nautiluscoin.co"
| #define STDC_HEADERS 1
| #define HAVE_SYS_TYPES_H 1
| #define HAVE_SYS_STAT_H 1
| #define HAVE_STDLIB_H 1
| #define HAVE_STRING_H 1
| #define HAVE_MEMORY_H 1
| #define HAVE_STRINGS_H 1
| #define HAVE_INTTYPES_H 1
| #define HAVE_STDINT_H 1
| #define HAVE_UNISTD_H 1
| /* end confdefs.h.  */
| #include <sys/types.h>
| 		#include <sys/param.h>
| 
| int
| main ()
| {
| #if BYTE_ORDER != BIG_ENDIAN
| 		 not big endian
| 		#endif
| 
|   ;
|   return 0;
| }
configure:9317: result: no
configure:9486: checking if compiler needs -Werror to reject unknown flags
configure:9512: gcc -c -g -O2 -Werror -Wunknown-warning-option -Wsizeof-array-argument  -DBOOST_SPIRIT_THREADSAFE -DHAVE_BUILD_INFO -D__STDC_FORMAT_MACROS conftest.c >&5
cc1: error: unrecognized command line option "-Wunknown-warning-option"
cc1: error: unrecognized command line option "-Wsizeof-array-argument"
configure:9519: $? = 1
configure: failed program was:
| /* confdefs.h.  */
| #define PACKAGE_NAME "Nautiluscoin Core"
| #define PACKAGE_TARNAME "nautiluscoin"
| #define PACKAGE_VERSION "1.2.0"
| #define PACKAGE_STRING "Nautiluscoin Core 1.2.0"
| #define PACKAGE_BUGREPORT "support@nautiluscoin.co"
| #define STDC_HEADERS 1
| #define HAVE_SYS_TYPES_H 1
| #define HAVE_SYS_STAT_H 1
| #define HAVE_STDLIB_H 1
| #define HAVE_STRING_H 1
| #define HAVE_MEMORY_H 1
| #define HAVE_STRINGS_H 1
| #define HAVE_INTTYPES_H 1
| #define HAVE_STDINT_H 1
| #define HAVE_UNISTD_H 1
| /* end confdefs.h.  */
| int foo(void);
| int
| main ()
| {
| foo()
|   ;
|   return 0;
| }
configure:9531: result: no
configure:9598: checking for the pthreads library -lpthreads
configure:9646: gcc -o conftest -g -O2    -DBOOST_SPIRIT_THREADSAFE -DHAVE_BUILD_INFO -D__STDC_FORMAT_MACROS  conftest.c -lpthreads  >&5
/usr/bin/ld: cannot find -lpthreads
collect2: ld returned 1 exit status
configure:9653: $? = 1
configure: failed program was:
| /* confdefs.h.  */
| #define PACKAGE_NAME "Nautiluscoin Core"
| #define PACKAGE_TARNAME "nautiluscoin"
| #define PACKAGE_VERSION "1.2.0"
| #define PACKAGE_STRING "Nautiluscoin Core 1.2.0"
| #define PACKAGE_BUGREPORT "support@nautiluscoin.co"
| #define STDC_HEADERS 1
| #define HAVE_SYS_TYPES_H 1
| #define HAVE_SYS_STAT_H 1
| #define HAVE_STDLIB_H 1
| #define HAVE_STRING_H 1
| #define HAVE_MEMORY_H 1
| #define HAVE_STRINGS_H 1
| #define HAVE_INTTYPES_H 1
| #define HAVE_STDINT_H 1
| #define HAVE_UNISTD_H 1
| /* end confdefs.h.  */
| #include <pthread.h>
|                         static void routine(void *a) { a = 0; }
|                         static void *start_routine(void *a) { return a; }
| int
| main ()
| {
| pthread_t th; pthread_attr_t attr;
|                         pthread_create(&th, 0, start_routine, 0);
|                         pthread_join(th, 0);
|                         pthread_attr_init(&attr);
|                         pthread_cleanup_push(routine, 0);
|                         pthread_cleanup_pop(0) /* ; */
|   ;
|   return 0;
| }
configure:9676: result: no
configure:9543: checking whether pthreads work without any flags
configure:9646: gcc -o conftest -g -O2    -DBOOST_SPIRIT_THREADSAFE -DHAVE_BUILD_INFO -D__STDC_FORMAT_MACROS  conftest.c   >&5
/tmp/ccNkidks.o: In function `main':
/var/www/html/bearcoininfo/bearcoin/conftest.c:25: undefined reference to `pthread_create'
/var/www/html/bearcoininfo/bearcoin/conftest.c:26: undefined reference to `pthread_join'
/var/www/html/bearcoininfo/bearcoin/conftest.c:28: undefined reference to `__pthread_register_cancel'
/var/www/html/bearcoininfo/bearcoin/conftest.c:29: undefined reference to `__pthread_unregister_cancel'
collect2: ld returned 1 exit status
configure:9653: $? = 1
configure: failed program was:
| /* confdefs.h.  */
| #define PACKAGE_NAME "Nautiluscoin Core"
| #define PACKAGE_TARNAME "nautiluscoin"
| #define PACKAGE_VERSION "1.2.0"
| #define PACKAGE_STRING "Nautiluscoin Core 1.2.0"
| #define PACKAGE_BUGREPORT "support@nautiluscoin.co"
| #define STDC_HEADERS 1
| #define HAVE_SYS_TYPES_H 1
| #define HAVE_SYS_STAT_H 1
| #define HAVE_STDLIB_H 1
| #define HAVE_STRING_H 1
| #define HAVE_MEMORY_H 1
| #define HAVE_STRINGS_H 1
| #define HAVE_INTTYPES_H 1
| #define HAVE_STDINT_H 1
| #define HAVE_UNISTD_H 1
| /* end confdefs.h.  */
| #include <pthread.h>
|                         static void routine(void *a) { a = 0; }
|                         static void *start_routine(void *a) { return a; }
| int
| main ()
| {
| pthread_t th; pthread_attr_t attr;
|                         pthread_create(&th, 0, start_routine, 0);
|                         pthread_join(th, 0);
|                         pthread_attr_init(&attr);
|                         pthread_cleanup_push(routine, 0);
|                         pthread_cleanup_pop(0) /* ; */
|   ;
|   return 0;
| }
configure:9676: result: no
configure:9548: checking whether pthreads work with -Kthread
configure:9646: gcc -o conftest -g -O2 -Kthread   -DBOOST_SPIRIT_THREADSAFE -DHAVE_BUILD_INFO -D__STDC_FORMAT_MACROS  conftest.c   >&5
gcc: unrecognized option '-Kthread'
/tmp/ccAgPEzv.o: In function `main':
/var/www/html/bearcoininfo/bearcoin/conftest.c:25: undefined reference to `pthread_create'
/var/www/html/bearcoininfo/bearcoin/conftest.c:26: undefined reference to `pthread_join'
/var/www/html/bearcoininfo/bearcoin/conftest.c:28: undefined reference to `__pthread_register_cancel'
/var/www/html/bearcoininfo/bearcoin/conftest.c:29: undefined reference to `__pthread_unregister_cancel'
collect2: ld returned 1 exit status
configure:9653: $? = 1
configure: failed program was:
| /* confdefs.h.  */
| #define PACKAGE_NAME "Nautiluscoin Core"
| #define PACKAGE_TARNAME "nautiluscoin"
| #define PACKAGE_VERSION "1.2.0"
| #define PACKAGE_STRING "Nautiluscoin Core 1.2.0"
| #define PACKAGE_BUGREPORT "support@nautiluscoin.co"
| #define STDC_HEADERS 1
| #define HAVE_SYS_TYPES_H 1
| #define HAVE_SYS_STAT_H 1
| #define HAVE_STDLIB_H 1
| #define HAVE_STRING_H 1
| #define HAVE_MEMORY_H 1
| #define HAVE_STRINGS_H 1
| #define HAVE_INTTYPES_H 1
| #define HAVE_STDINT_H 1
| #define HAVE_UNISTD_H 1
| /* end confdefs.h.  */
| #include <pthread.h>
|                         static void routine(void *a) { a = 0; }
|                         static void *start_routine(void *a) { return a; }
| int
| main ()
| {
| pthread_t th; pthread_attr_t attr;
|                         pthread_create(&th, 0, start_routine, 0);
|                         pthread_join(th, 0);
|                         pthread_attr_init(&attr);
|                         pthread_cleanup_push(routine, 0);
|                         pthread_cleanup_pop(0) /* ; */
|   ;
|   return 0;
| }
configure:9676: result: no
configure:9548: checking whether pthreads work with -kthread
configure:9646: gcc -o conftest -g -O2 -kthread   -DBOOST_SPIRIT_THREADSAFE -DHAVE_BUILD_INFO -D__STDC_FORMAT_MACROS  conftest.c   >&5
gcc: unrecognized option '-kthread'
/tmp/ccqtc8Gw.o: In function `main':
/var/www/html/bearcoininfo/bearcoin/conftest.c:25: undefined reference to `pthread_create'
/var/www/html/bearcoininfo/bearcoin/conftest.c:26: undefined reference to `pthread_join'
/var/www/html/bearcoininfo/bearcoin/conftest.c:28: undefined reference to `__pthread_register_cancel'
/var/www/html/bearcoininfo/bearcoin/conftest.c:29: undefined reference to `__pthread_unregister_cancel'
collect2: ld returned 1 exit status
configure:9653: $? = 1
configure: failed program was:
| /* confdefs.h.  */
| #define PACKAGE_NAME "Nautiluscoin Core"
| #define PACKAGE_TARNAME "nautiluscoin"
| #define PACKAGE_VERSION "1.2.0"
| #define PACKAGE_STRING "Nautiluscoin Core 1.2.0"
| #define PACKAGE_BUGREPORT "support@nautiluscoin.co"
| #define STDC_HEADERS 1
| #define HAVE_SYS_TYPES_H 1
| #define HAVE_SYS_STAT_H 1
| #define HAVE_STDLIB_H 1
| #define HAVE_STRING_H 1
| #define HAVE_MEMORY_H 1
| #define HAVE_STRINGS_H 1
| #define HAVE_INTTYPES_H 1
| #define HAVE_STDINT_H 1
| #define HAVE_UNISTD_H 1
| /* end confdefs.h.  */
| #include <pthread.h>
|                         static void routine(void *a) { a = 0; }
|                         static void *start_routine(void *a) { return a; }
| int
| main ()
| {
| pthread_t th; pthread_attr_t attr;
|                         pthread_create(&th, 0, start_routine, 0);
|                         pthread_join(th, 0);
|                         pthread_attr_init(&attr);
|                         pthread_cleanup_push(routine, 0);
|                         pthread_cleanup_pop(0) /* ; */
|   ;
|   return 0;
| }
configure:9676: result: no
configure:9598: checking for the pthreads library -llthread
configure:9646: gcc -o conftest -g -O2    -DBOOST_SPIRIT_THREADSAFE -DHAVE_BUILD_INFO -D__STDC_FORMAT_MACROS  conftest.c -llthread  >&5
/usr/bin/ld: cannot find -llthread
collect2: ld returned 1 exit status
configure:9653: $? = 1
configure: failed program was:
| /* confdefs.h.  */
| #define PACKAGE_NAME "Nautiluscoin Core"
| #define PACKAGE_TARNAME "nautiluscoin"
| #define PACKAGE_VERSION "1.2.0"
| #define PACKAGE_STRING "Nautiluscoin Core 1.2.0"
| #define PACKAGE_BUGREPORT "support@nautiluscoin.co"
| #define STDC_HEADERS 1
| #define HAVE_SYS_TYPES_H 1
| #define HAVE_SYS_STAT_H 1
| #define HAVE_STDLIB_H 1
| #define HAVE_STRING_H 1
| #define HAVE_MEMORY_H 1
| #define HAVE_STRINGS_H 1
| #define HAVE_INTTYPES_H 1
| #define HAVE_STDINT_H 1
| #define HAVE_UNISTD_H 1
| /* end confdefs.h.  */
| #include <pthread.h>
|                         static void routine(void *a) { a = 0; }
|                         static void *start_routine(void *a) { return a; }
| int
| main ()
| {
| pthread_t th; pthread_attr_t attr;
|                         pthread_create(&th, 0, start_routine, 0);
|                         pthread_join(th, 0);
|                         pthread_attr_init(&attr);
|                         pthread_cleanup_push(routine, 0);
|                         pthread_cleanup_pop(0) /* ; */
|   ;
|   return 0;
| }
configure:9676: result: no
configure:9548: checking whether pthreads work with -pthread
configure:9646: gcc -o conftest -g -O2 -pthread   -DBOOST_SPIRIT_THREADSAFE -DHAVE_BUILD_INFO -D__STDC_FORMAT_MACROS  conftest.c   >&5
configure:9653: $? = 0
configure:9676: result: yes
configure:9695: checking for joinable pthread attribute
configure:9720: gcc -o conftest -g -O2 -pthread  -DBOOST_SPIRIT_THREADSAFE -DHAVE_BUILD_INFO -D__STDC_FORMAT_MACROS  conftest.c   >&5
configure:9727: $? = 0
configure:9747: result: PTHREAD_CREATE_JOINABLE
configure:9757: checking if more special flags are required for pthreads
configure:9772: result: no
configure:9778: checking for PTHREAD_PRIO_INHERIT
configure:9805: gcc -o conftest -g -O2 -pthread  -DBOOST_SPIRIT_THREADSAFE -DHAVE_BUILD_INFO -D__STDC_FORMAT_MACROS  conftest.c   >&5
conftest.c: In function 'main':
conftest.c:22: error: 'PTHREAD_PRIO_INHERIT' undeclared (first use in this function)
conftest.c:22: error: (Each undeclared identifier is reported only once
conftest.c:22: error: for each function it appears in.)
configure:9812: $? = 1
configure: failed program was:
| /* confdefs.h.  */
| #define PACKAGE_NAME "Nautiluscoin Core"
| #define PACKAGE_TARNAME "nautiluscoin"
| #define PACKAGE_VERSION "1.2.0"
| #define PACKAGE_STRING "Nautiluscoin Core 1.2.0"
| #define PACKAGE_BUGREPORT "support@nautiluscoin.co"
| #define STDC_HEADERS 1
| #define HAVE_SYS_TYPES_H 1
| #define HAVE_SYS_STAT_H 1
| #define HAVE_STDLIB_H 1
| #define HAVE_STRING_H 1
| #define HAVE_MEMORY_H 1
| #define HAVE_STRINGS_H 1
| #define HAVE_INTTYPES_H 1
| #define HAVE_STDINT_H 1
| #define HAVE_UNISTD_H 1
| /* end confdefs.h.  */
| #include <pthread.h>
| int
| main ()
| {
| int i = PTHREAD_PRIO_INHERIT;
|   ;
|   return 0;
| }
configure:9833: result: no
configure:9947: checking for special C compiler options needed for large files
configure:10042: result: no
configure:10048: checking for _FILE_OFFSET_BITS value needed for large files
configure:10083: g++ -c -g -O2 -Wall -Wextra -Wformat -Wformat-security -Wno-unused-parameter  -DBOOST_SPIRIT_THREADSAFE -DHAVE_BUILD_INFO -D__STDC_FORMAT_MACROS conftest.cpp >&5
configure:10090: $? = 0
configure:10159: result: no
configure:10309: checking whether the linker accepts -Wl,--large-address-aware
configure:10338: g++ -o conftest -g -O2 -Wall -Wextra -Wformat -Wformat-security -Wno-unused-parameter  -DBOOST_SPIRIT_THREADSAFE -DHAVE_BUILD_INFO -D__STDC_FORMAT_MACROS   -Wl,--large-address-aware conftest.cpp  >&5
/usr/bin/ld: unrecognized option '--large-address-aware'
/usr/bin/ld: use the --help option for usage information
collect2: ld returned 1 exit status
configure:10345: $? = 1
configure: failed program was:
| /* confdefs.h.  */
| #define PACKAGE_NAME "Nautiluscoin Core"
| #define PACKAGE_TARNAME "nautiluscoin"
| #define PACKAGE_VERSION "1.2.0"
| #define PACKAGE_STRING "Nautiluscoin Core 1.2.0"
| #define PACKAGE_BUGREPORT "support@nautiluscoin.co"
| #define STDC_HEADERS 1
| #define HAVE_SYS_TYPES_H 1
| #define HAVE_SYS_STAT_H 1
| #define HAVE_STDLIB_H 1
| #define HAVE_STRING_H 1
| #define HAVE_MEMORY_H 1
| #define HAVE_STRINGS_H 1
| #define HAVE_INTTYPES_H 1
| #define HAVE_STDINT_H 1
| #define HAVE_UNISTD_H 1
| #define HAVE_PTHREAD 1
| /* end confdefs.h.  */
| 
| int
| main ()
| {
| 
|   ;
|   return 0;
| }
configure:10366: result: no
configure:10377: checking whether C++ compiler accepts -Wstack-protector
configure:10406: g++ -c -g -O2 -Wall -Wextra -Wformat -Wformat-security -Wno-unused-parameter  -Wstack-protector  -DBOOST_SPIRIT_THREADSAFE -DHAVE_BUILD_INFO -D__STDC_FORMAT_MACROS conftest.cpp >&5
configure:10413: $? = 0
configure:10429: result: yes
configure:10438: checking whether C++ compiler accepts -fstack-protector-all
configure:10467: g++ -c -g -O2 -Wall -Wextra -Wformat -Wformat-security -Wno-unused-parameter  -fstack-protector-all  -DBOOST_SPIRIT_THREADSAFE -DHAVE_BUILD_INFO -D__STDC_FORMAT_MACROS conftest.cpp >&5
configure:10474: $? = 0
configure:10490: result: yes
configure:10499: checking whether C++ compiler accepts -fPIE
configure:10528: g++ -c -g -O2 -Wall -Wextra -Wformat -Wformat-security -Wno-unused-parameter  -fPIE  -DBOOST_SPIRIT_THREADSAFE -DHAVE_BUILD_INFO -D__STDC_FORMAT_MACROS conftest.cpp >&5
configure:10535: $? = 0
configure:10551: result: yes
configure:10561: checking whether C++ preprocessor accepts -D_FORTIFY_SOURCE=2
configure:10589: g++ -E  -DBOOST_SPIRIT_THREADSAFE -DHAVE_BUILD_INFO -D__STDC_FORMAT_MACROS  -D_FORTIFY_SOURCE=2 conftest.cpp
configure:10596: $? = 0
configure:10612: result: yes
configure:10616: checking whether C++ preprocessor accepts -U_FORTIFY_SOURCE
configure:10644: g++ -E  -DBOOST_SPIRIT_THREADSAFE -DHAVE_BUILD_INFO -D__STDC_FORMAT_MACROS  -U_FORTIFY_SOURCE conftest.cpp
configure:10651: $? = 0
configure:10667: result: yes
configure:10686: checking whether the linker accepts -Wl,--dynamicbase
configure:10715: g++ -o conftest -g -O2 -Wall -Wextra -Wformat -Wformat-security -Wno-unused-parameter  -DBOOST_SPIRIT_THREADSAFE -DHAVE_BUILD_INFO -D__STDC_FORMAT_MACROS   -Wl,--dynamicbase conftest.cpp  >&5
/usr/bin/ld: unrecognized option '--dynamicbase'
/usr/bin/ld: use the --help option for usage information
collect2: ld returned 1 exit status
configure:10722: $? = 1
configure: failed program was:
| /* confdefs.h.  */
| #define PACKAGE_NAME "Nautiluscoin Core"
| #define PACKAGE_TARNAME "nautiluscoin"
| #define PACKAGE_VERSION "1.2.0"
| #define PACKAGE_STRING "Nautiluscoin Core 1.2.0"
| #define PACKAGE_BUGREPORT "support@nautiluscoin.co"
| #define STDC_HEADERS 1
| #define HAVE_SYS_TYPES_H 1
| #define HAVE_SYS_STAT_H 1
| #define HAVE_STDLIB_H 1
| #define HAVE_STRING_H 1
| #define HAVE_MEMORY_H 1
| #define HAVE_STRINGS_H 1
| #define HAVE_INTTYPES_H 1
| #define HAVE_STDINT_H 1
| #define HAVE_UNISTD_H 1
| #define HAVE_PTHREAD 1
| /* end confdefs.h.  */
| 
| int
| main ()
| {
| 
|   ;
|   return 0;
| }
configure:10743: result: no
configure:10752: checking whether the linker accepts -Wl,--nxcompat
configure:10781: g++ -o conftest -g -O2 -Wall -Wextra -Wformat -Wformat-security -Wno-unused-parameter  -DBOOST_SPIRIT_THREADSAFE -DHAVE_BUILD_INFO -D__STDC_FORMAT_MACROS   -Wl,--nxcompat conftest.cpp  >&5
/usr/bin/ld: unrecognized option '--nxcompat'
/usr/bin/ld: use the --help option for usage information
collect2: ld returned 1 exit status
configure:10788: $? = 1
configure: failed program was:
| /* confdefs.h.  */
| #define PACKAGE_NAME "Nautiluscoin Core"
| #define PACKAGE_TARNAME "nautiluscoin"
| #define PACKAGE_VERSION "1.2.0"
| #define PACKAGE_STRING "Nautiluscoin Core 1.2.0"
| #define PACKAGE_BUGREPORT "support@nautiluscoin.co"
| #define STDC_HEADERS 1
| #define HAVE_SYS_TYPES_H 1
| #define HAVE_SYS_STAT_H 1
| #define HAVE_STDLIB_H 1
| #define HAVE_STRING_H 1
| #define HAVE_MEMORY_H 1
| #define HAVE_STRINGS_H 1
| #define HAVE_INTTYPES_H 1
| #define HAVE_STDINT_H 1
| #define HAVE_UNISTD_H 1
| #define HAVE_PTHREAD 1
| /* end confdefs.h.  */
| 
| int
| main ()
| {
| 
|   ;
|   return 0;
| }
configure:10809: result: no
configure:10818: checking whether the linker accepts -Wl,-z,relro
configure:10847: g++ -o conftest -g -O2 -Wall -Wextra -Wformat -Wformat-security -Wno-unused-parameter  -DBOOST_SPIRIT_THREADSAFE -DHAVE_BUILD_INFO -D__STDC_FORMAT_MACROS   -Wl,-z,relro conftest.cpp  >&5
configure:10854: $? = 0
configure:10875: result: yes
configure:10884: checking whether the linker accepts -Wl,-z,now
configure:10913: g++ -o conftest -g -O2 -Wall -Wextra -Wformat -Wformat-security -Wno-unused-parameter  -DBOOST_SPIRIT_THREADSAFE -DHAVE_BUILD_INFO -D__STDC_FORMAT_MACROS   -Wl,-z,now conftest.cpp  >&5
configure:10920: $? = 0
configure:10941: result: yes
configure:10953: checking whether the linker accepts -pie
configure:10982: g++ -o conftest -g -O2 -Wall -Wextra -Wformat -Wformat-security -Wno-unused-parameter  -DBOOST_SPIRIT_THREADSAFE -DHAVE_BUILD_INFO -D__STDC_FORMAT_MACROS   -pie conftest.cpp  >&5
/usr/bin/ld: /tmp/cc2ycRt2.o: relocation R_X86_64_32 against `__gxx_personality_v0' can not be used when making a shared object; recompile with -fPIC
/tmp/cc2ycRt2.o: could not read symbols: Bad value
collect2: ld returned 1 exit status
configure:10989: $? = 1
configure: failed program was:
| /* confdefs.h.  */
| #define PACKAGE_NAME "Nautiluscoin Core"
| #define PACKAGE_TARNAME "nautiluscoin"
| #define PACKAGE_VERSION "1.2.0"
| #define PACKAGE_STRING "Nautiluscoin Core 1.2.0"
| #define PACKAGE_BUGREPORT "support@nautiluscoin.co"
| #define STDC_HEADERS 1
| #define HAVE_SYS_TYPES_H 1
| #define HAVE_SYS_STAT_H 1
| #define HAVE_STDLIB_H 1
| #define HAVE_STRING_H 1
| #define HAVE_MEMORY_H 1
| #define HAVE_STRINGS_H 1
| #define HAVE_INTTYPES_H 1
| #define HAVE_STDINT_H 1
| #define HAVE_UNISTD_H 1
| #define HAVE_PTHREAD 1
| /* end confdefs.h.  */
| 
| int
| main ()
| {
| 
|   ;
|   return 0;
| }
configure:11010: result: no
configure:11117: checking stdio.h usability
configure:11134: g++ -c -g -O2 -Wall -Wextra -Wformat -Wformat-security -Wno-unused-parameter  -Wstack-protector -fstack-protector-all -fPIE  -DBOOST_SPIRIT_THREADSAFE -DHAVE_BUILD_INFO -D__STDC_FORMAT_MACROS  -U_FORTIFY_SOURCE -D_FORTIFY_SOURCE=2 conftest.cpp >&5
configure:11141: $? = 0
configure:11155: result: yes
configure:11159: checking stdio.h presence
configure:11174: g++ -E  -DBOOST_SPIRIT_THREADSAFE -DHAVE_BUILD_INFO -D__STDC_FORMAT_MACROS  -U_FORTIFY_SOURCE -D_FORTIFY_SOURCE=2 conftest.cpp
configure:11181: $? = 0
configure:11195: result: yes
configure:11228: checking for stdio.h
configure:11237: result: yes
configure:11106: checking for stdlib.h
configure:11113: result: yes
configure:11106: checking for unistd.h
configure:11113: result: yes
configure:11106: checking for strings.h
configure:11113: result: yes
configure:11106: checking for sys/types.h
configure:11113: result: yes
configure:11106: checking for sys/stat.h
configure:11113: result: yes
configure:11253: checking for MSG_NOSIGNAL
configure:11276: g++ -c -g -O2 -Wall -Wextra -Wformat -Wformat-security -Wno-unused-parameter  -Wstack-protector -fstack-protector-all -fPIE  -DBOOST_SPIRIT_THREADSAFE -DHAVE_BUILD_INFO -D__STDC_FORMAT_MACROS  -U_FORTIFY_SOURCE -D_FORTIFY_SOURCE=2 conftest.cpp >&5
conftest.cpp: In function 'int main()':
conftest.cpp:29: warning: unused variable 'f'
configure:11283: $? = 0
configure:11288: result: yes
configure:11322: checking for Berkeley DB C++ headers
configure:11363: g++ -c -g -O2 -Wall -Wextra -Wformat -Wformat-security -Wno-unused-parameter  -Wstack-protector -fstack-protector-all -fPIE  -DBOOST_SPIRIT_THREADSAFE -DHAVE_BUILD_INFO -D__STDC_FORMAT_MACROS  -U_FORTIFY_SOURCE -D_FORTIFY_SOURCE=2 conftest.cpp >&5
conftest.cpp:27:33: error: bdb4.8/db_cxx.h: No such file or directory
conftest.cpp:34:10: error: #error "failed to find bdb 4.8+"
configure:11370: $? = 1
configure: failed program was:
| /* confdefs.h.  */
| #define PACKAGE_NAME "Nautiluscoin Core"
| #define PACKAGE_TARNAME "nautiluscoin"
| #define PACKAGE_VERSION "1.2.0"
| #define PACKAGE_STRING "Nautiluscoin Core 1.2.0"
| #define PACKAGE_BUGREPORT "support@nautiluscoin.co"
| #define STDC_HEADERS 1
| #define HAVE_SYS_TYPES_H 1
| #define HAVE_SYS_STAT_H 1
| #define HAVE_STDLIB_H 1
| #define HAVE_STRING_H 1
| #define HAVE_MEMORY_H 1
| #define HAVE_STRINGS_H 1
| #define HAVE_INTTYPES_H 1
| #define HAVE_STDINT_H 1
| #define HAVE_UNISTD_H 1
| #define HAVE_PTHREAD 1
| #define HAVE_STDIO_H 1
| #define HAVE_STDLIB_H 1
| #define HAVE_UNISTD_H 1
| #define HAVE_STRINGS_H 1
| #define HAVE_SYS_TYPES_H 1
| #define HAVE_SYS_STAT_H 1
| #define HAVE_MSG_NOSIGNAL 1
| /* end confdefs.h.  */
| 
|       #include <bdb4.8/db_cxx.h>
| 
| int
| main ()
| {
| 
|       #if !((DB_VERSION_MAJOR == 4 && DB_VERSION_MINOR >= 8) || DB_VERSION_MAJOR > 4)
|         #error "failed to find bdb 4.8+"
|       #endif
| 
|   ;
|   return 0;
| }
configure:11363: g++ -c -g -O2 -Wall -Wextra -Wformat -Wformat-security -Wno-unused-parameter  -Wstack-protector -fstack-protector-all -fPIE  -DBOOST_SPIRIT_THREADSAFE -DHAVE_BUILD_INFO -D__STDC_FORMAT_MACROS  -U_FORTIFY_SOURCE -D_FORTIFY_SOURCE=2 conftest.cpp >&5
conftest.cpp:27:35: error: libdb4.8/db_cxx.h: No such file or directory
conftest.cpp:34:10: error: #error "failed to find bdb 4.8+"
configure:11370: $? = 1
configure: failed program was:
| /* confdefs.h.  */
| #define PACKAGE_NAME "Nautiluscoin Core"
| #define PACKAGE_TARNAME "nautiluscoin"
| #define PACKAGE_VERSION "1.2.0"
| #define PACKAGE_STRING "Nautiluscoin Core 1.2.0"
| #define PACKAGE_BUGREPORT "support@nautiluscoin.co"
| #define STDC_HEADERS 1
| #define HAVE_SYS_TYPES_H 1
| #define HAVE_SYS_STAT_H 1
| #define HAVE_STDLIB_H 1
| #define HAVE_STRING_H 1
| #define HAVE_MEMORY_H 1
| #define HAVE_STRINGS_H 1
| #define HAVE_INTTYPES_H 1
| #define HAVE_STDINT_H 1
| #define HAVE_UNISTD_H 1
| #define HAVE_PTHREAD 1
| #define HAVE_STDIO_H 1
| #define HAVE_STDLIB_H 1
| #define HAVE_UNISTD_H 1
| #define HAVE_STRINGS_H 1
| #define HAVE_SYS_TYPES_H 1
| #define HAVE_SYS_STAT_H 1
| #define HAVE_MSG_NOSIGNAL 1
| /* end confdefs.h.  */
| 
|       #include <libdb4.8/db_cxx.h>
| 
| int
| main ()
| {
| 
|       #if !((DB_VERSION_MAJOR == 4 && DB_VERSION_MINOR >= 8) || DB_VERSION_MAJOR > 4)
|         #error "failed to find bdb 4.8+"
|       #endif
| 
|   ;
|   return 0;
| }
configure:11363: g++ -c -g -O2 -Wall -Wextra -Wformat -Wformat-security -Wno-unused-parameter  -Wstack-protector -fstack-protector-all -fPIE  -DBOOST_SPIRIT_THREADSAFE -DHAVE_BUILD_INFO -D__STDC_FORMAT_MACROS  -U_FORTIFY_SOURCE -D_FORTIFY_SOURCE=2 conftest.cpp >&5
conftest.cpp:27:32: error: db4.8/db_cxx.h: No such file or directory
conftest.cpp:34:10: error: #error "failed to find bdb 4.8+"
configure:11370: $? = 1
configure: failed program was:
| /* confdefs.h.  */
| #define PACKAGE_NAME "Nautiluscoin Core"
| #define PACKAGE_TARNAME "nautiluscoin"
| #define PACKAGE_VERSION "1.2.0"
| #define PACKAGE_STRING "Nautiluscoin Core 1.2.0"
| #define PACKAGE_BUGREPORT "support@nautiluscoin.co"
| #define STDC_HEADERS 1
| #define HAVE_SYS_TYPES_H 1
| #define HAVE_SYS_STAT_H 1
| #define HAVE_STDLIB_H 1
| #define HAVE_STRING_H 1
| #define HAVE_MEMORY_H 1
| #define HAVE_STRINGS_H 1
| #define HAVE_INTTYPES_H 1
| #define HAVE_STDINT_H 1
| #define HAVE_UNISTD_H 1
| #define HAVE_PTHREAD 1
| #define HAVE_STDIO_H 1
| #define HAVE_STDLIB_H 1
| #define HAVE_UNISTD_H 1
| #define HAVE_STRINGS_H 1
| #define HAVE_SYS_TYPES_H 1
| #define HAVE_SYS_STAT_H 1
| #define HAVE_MSG_NOSIGNAL 1
| /* end confdefs.h.  */
| 
|       #include <db4.8/db_cxx.h>
| 
| int
| main ()
| {
| 
|       #if !((DB_VERSION_MAJOR == 4 && DB_VERSION_MINOR >= 8) || DB_VERSION_MAJOR > 4)
|         #error "failed to find bdb 4.8+"
|       #endif
| 
|   ;
|   return 0;
| }
configure:11363: g++ -c -g -O2 -Wall -Wextra -Wformat -Wformat-security -Wno-unused-parameter  -Wstack-protector -fstack-protector-all -fPIE  -DBOOST_SPIRIT_THREADSAFE -DHAVE_BUILD_INFO -D__STDC_FORMAT_MACROS  -U_FORTIFY_SOURCE -D_FORTIFY_SOURCE=2 conftest.cpp >&5
conftest.cpp:27:32: error: bdb48/db_cxx.h: No such file or directory
conftest.cpp:34:10: error: #error "failed to find bdb 4.8+"
configure:11370: $? = 1
configure: failed program was:
| /* confdefs.h.  */
| #define PACKAGE_NAME "Nautiluscoin Core"
| #define PACKAGE_TARNAME "nautiluscoin"
| #define PACKAGE_VERSION "1.2.0"
| #define PACKAGE_STRING "Nautiluscoin Core 1.2.0"
| #define PACKAGE_BUGREPORT "support@nautiluscoin.co"
| #define STDC_HEADERS 1
| #define HAVE_SYS_TYPES_H 1
| #define HAVE_SYS_STAT_H 1
| #define HAVE_STDLIB_H 1
| #define HAVE_STRING_H 1
| #define HAVE_MEMORY_H 1
| #define HAVE_STRINGS_H 1
| #define HAVE_INTTYPES_H 1
| #define HAVE_STDINT_H 1
| #define HAVE_UNISTD_H 1
| #define HAVE_PTHREAD 1
| #define HAVE_STDIO_H 1
| #define HAVE_STDLIB_H 1
| #define HAVE_UNISTD_H 1
| #define HAVE_STRINGS_H 1
| #define HAVE_SYS_TYPES_H 1
| #define HAVE_SYS_STAT_H 1
| #define HAVE_MSG_NOSIGNAL 1
| /* end confdefs.h.  */
| 
|       #include <bdb48/db_cxx.h>
| 
| int
| main ()
| {
| 
|       #if !((DB_VERSION_MAJOR == 4 && DB_VERSION_MINOR >= 8) || DB_VERSION_MAJOR > 4)
|         #error "failed to find bdb 4.8+"
|       #endif
| 
|   ;
|   return 0;
| }
configure:11363: g++ -c -g -O2 -Wall -Wextra -Wformat -Wformat-security -Wno-unused-parameter  -Wstack-protector -fstack-protector-all -fPIE  -DBOOST_SPIRIT_THREADSAFE -DHAVE_BUILD_INFO -D__STDC_FORMAT_MACROS  -U_FORTIFY_SOURCE -D_FORTIFY_SOURCE=2 conftest.cpp >&5
conftest.cpp:27:34: error: libdb48/db_cxx.h: No such file or directory
conftest.cpp:34:10: error: #error "failed to find bdb 4.8+"
configure:11370: $? = 1
configure: failed program was:
| /* confdefs.h.  */
| #define PACKAGE_NAME "Nautiluscoin Core"
| #define PACKAGE_TARNAME "nautiluscoin"
| #define PACKAGE_VERSION "1.2.0"
| #define PACKAGE_STRING "Nautiluscoin Core 1.2.0"
| #define PACKAGE_BUGREPORT "support@nautiluscoin.co"
| #define STDC_HEADERS 1
| #define HAVE_SYS_TYPES_H 1
| #define HAVE_SYS_STAT_H 1
| #define HAVE_STDLIB_H 1
| #define HAVE_STRING_H 1
| #define HAVE_MEMORY_H 1
| #define HAVE_STRINGS_H 1
| #define HAVE_INTTYPES_H 1
| #define HAVE_STDINT_H 1
| #define HAVE_UNISTD_H 1
| #define HAVE_PTHREAD 1
| #define HAVE_STDIO_H 1
| #define HAVE_STDLIB_H 1
| #define HAVE_UNISTD_H 1
| #define HAVE_STRINGS_H 1
| #define HAVE_SYS_TYPES_H 1
| #define HAVE_SYS_STAT_H 1
| #define HAVE_MSG_NOSIGNAL 1
| /* end confdefs.h.  */
| 
|       #include <libdb48/db_cxx.h>
| 
| int
| main ()
| {
| 
|       #if !((DB_VERSION_MAJOR == 4 && DB_VERSION_MINOR >= 8) || DB_VERSION_MAJOR > 4)
|         #error "failed to find bdb 4.8+"
|       #endif
| 
|   ;
|   return 0;
| }
configure:11363: g++ -c -g -O2 -Wall -Wextra -Wformat -Wformat-security -Wno-unused-parameter  -Wstack-protector -fstack-protector-all -fPIE  -DBOOST_SPIRIT_THREADSAFE -DHAVE_BUILD_INFO -D__STDC_FORMAT_MACROS  -U_FORTIFY_SOURCE -D_FORTIFY_SOURCE=2 conftest.cpp >&5
conftest.cpp:27:31: error: db48/db_cxx.h: No such file or directory
conftest.cpp:34:10: error: #error "failed to find bdb 4.8+"
configure:11370: $? = 1
configure: failed program was:
| /* confdefs.h.  */
| #define PACKAGE_NAME "Nautiluscoin Core"
| #define PACKAGE_TARNAME "nautiluscoin"
| #define PACKAGE_VERSION "1.2.0"
| #define PACKAGE_STRING "Nautiluscoin Core 1.2.0"
| #define PACKAGE_BUGREPORT "support@nautiluscoin.co"
| #define STDC_HEADERS 1
| #define HAVE_SYS_TYPES_H 1
| #define HAVE_SYS_STAT_H 1
| #define HAVE_STDLIB_H 1
| #define HAVE_STRING_H 1
| #define HAVE_MEMORY_H 1
| #define HAVE_STRINGS_H 1
| #define HAVE_INTTYPES_H 1
| #define HAVE_STDINT_H 1
| #define HAVE_UNISTD_H 1
| #define HAVE_PTHREAD 1
| #define HAVE_STDIO_H 1
| #define HAVE_STDLIB_H 1
| #define HAVE_UNISTD_H 1
| #define HAVE_STRINGS_H 1
| #define HAVE_SYS_TYPES_H 1
| #define HAVE_SYS_STAT_H 1
| #define HAVE_MSG_NOSIGNAL 1
| /* end confdefs.h.  */
| 
|       #include <db48/db_cxx.h>
| 
| int
| main ()
| {
| 
|       #if !((DB_VERSION_MAJOR == 4 && DB_VERSION_MINOR >= 8) || DB_VERSION_MAJOR > 4)
|         #error "failed to find bdb 4.8+"
|       #endif
| 
|   ;
|   return 0;
| }
configure:11363: g++ -c -g -O2 -Wall -Wextra -Wformat -Wformat-security -Wno-unused-parameter  -Wstack-protector -fstack-protector-all -fPIE  -DBOOST_SPIRIT_THREADSAFE -DHAVE_BUILD_INFO -D__STDC_FORMAT_MACROS  -U_FORTIFY_SOURCE -D_FORTIFY_SOURCE=2 conftest.cpp >&5
conftest.cpp:27:31: error: bdb4/db_cxx.h: No such file or directory
conftest.cpp:34:10: error: #error "failed to find bdb 4.8+"
configure:11370: $? = 1
configure: failed program was:
| /* confdefs.h.  */
| #define PACKAGE_NAME "Nautiluscoin Core"
| #define PACKAGE_TARNAME "nautiluscoin"
| #define PACKAGE_VERSION "1.2.0"
| #define PACKAGE_STRING "Nautiluscoin Core 1.2.0"
| #define PACKAGE_BUGREPORT "support@nautiluscoin.co"
| #define STDC_HEADERS 1
| #define HAVE_SYS_TYPES_H 1
| #define HAVE_SYS_STAT_H 1
| #define HAVE_STDLIB_H 1
| #define HAVE_STRING_H 1
| #define HAVE_MEMORY_H 1
| #define HAVE_STRINGS_H 1
| #define HAVE_INTTYPES_H 1
| #define HAVE_STDINT_H 1
| #define HAVE_UNISTD_H 1
| #define HAVE_PTHREAD 1
| #define HAVE_STDIO_H 1
| #define HAVE_STDLIB_H 1
| #define HAVE_UNISTD_H 1
| #define HAVE_STRINGS_H 1
| #define HAVE_SYS_TYPES_H 1
| #define HAVE_SYS_STAT_H 1
| #define HAVE_MSG_NOSIGNAL 1
| /* end confdefs.h.  */
| 
|       #include <bdb4/db_cxx.h>
| 
| int
| main ()
| {
| 
|       #if !((DB_VERSION_MAJOR == 4 && DB_VERSION_MINOR >= 8) || DB_VERSION_MAJOR > 4)
|         #error "failed to find bdb 4.8+"
|       #endif
| 
|   ;
|   return 0;
| }
configure:11363: g++ -c -g -O2 -Wall -Wextra -Wformat -Wformat-security -Wno-unused-parameter  -Wstack-protector -fstack-protector-all -fPIE  -DBOOST_SPIRIT_THREADSAFE -DHAVE_BUILD_INFO -D__STDC_FORMAT_MACROS  -U_FORTIFY_SOURCE -D_FORTIFY_SOURCE=2 conftest.cpp >&5
conftest.cpp:27:33: error: libdb4/db_cxx.h: No such file or directory
conftest.cpp:34:10: error: #error "failed to find bdb 4.8+"
configure:11370: $? = 1
configure: failed program was:
| /* confdefs.h.  */
| #define PACKAGE_NAME "Nautiluscoin Core"
| #define PACKAGE_TARNAME "nautiluscoin"
| #define PACKAGE_VERSION "1.2.0"
| #define PACKAGE_STRING "Nautiluscoin Core 1.2.0"
| #define PACKAGE_BUGREPORT "support@nautiluscoin.co"
| #define STDC_HEADERS 1
| #define HAVE_SYS_TYPES_H 1
| #define HAVE_SYS_STAT_H 1
| #define HAVE_STDLIB_H 1
| #define HAVE_STRING_H 1
| #define HAVE_MEMORY_H 1
| #define HAVE_STRINGS_H 1
| #define HAVE_INTTYPES_H 1
| #define HAVE_STDINT_H 1
| #define HAVE_UNISTD_H 1
| #define HAVE_PTHREAD 1
| #define HAVE_STDIO_H 1
| #define HAVE_STDLIB_H 1
| #define HAVE_UNISTD_H 1
| #define HAVE_STRINGS_H 1
| #define HAVE_SYS_TYPES_H 1
| #define HAVE_SYS_STAT_H 1
| #define HAVE_MSG_NOSIGNAL 1
| /* end confdefs.h.  */
| 
|       #include <libdb4/db_cxx.h>
| 
| int
| main ()
| {
| 
|       #if !((DB_VERSION_MAJOR == 4 && DB_VERSION_MINOR >= 8) || DB_VERSION_MAJOR > 4)
|         #error "failed to find bdb 4.8+"
|       #endif
| 
|   ;
|   return 0;
| }
configure:11363: g++ -c -g -O2 -Wall -Wextra -Wformat -Wformat-security -Wno-unused-parameter  -Wstack-protector -fstack-protector-all -fPIE  -DBOOST_SPIRIT_THREADSAFE -DHAVE_BUILD_INFO -D__STDC_FORMAT_MACROS  -U_FORTIFY_SOURCE -D_FORTIFY_SOURCE=2 conftest.cpp >&5
conftest.cpp:34:10: error: #error "failed to find bdb 4.8+"
configure:11370: $? = 1
configure: failed program was:
| /* confdefs.h.  */
| #define PACKAGE_NAME "Nautiluscoin Core"
| #define PACKAGE_TARNAME "nautiluscoin"
| #define PACKAGE_VERSION "1.2.0"
| #define PACKAGE_STRING "Nautiluscoin Core 1.2.0"
| #define PACKAGE_BUGREPORT "support@nautiluscoin.co"
| #define STDC_HEADERS 1
| #define HAVE_SYS_TYPES_H 1
| #define HAVE_SYS_STAT_H 1
| #define HAVE_STDLIB_H 1
| #define HAVE_STRING_H 1
| #define HAVE_MEMORY_H 1
| #define HAVE_STRINGS_H 1
| #define HAVE_INTTYPES_H 1
| #define HAVE_STDINT_H 1
| #define HAVE_UNISTD_H 1
| #define HAVE_PTHREAD 1
| #define HAVE_STDIO_H 1
| #define HAVE_STDLIB_H 1
| #define HAVE_UNISTD_H 1
| #define HAVE_STRINGS_H 1
| #define HAVE_SYS_TYPES_H 1
| #define HAVE_SYS_STAT_H 1
| #define HAVE_MSG_NOSIGNAL 1
| /* end confdefs.h.  */
| 
|       #include <db4/db_cxx.h>
| 
| int
| main ()
| {
| 
|       #if !((DB_VERSION_MAJOR == 4 && DB_VERSION_MINOR >= 8) || DB_VERSION_MAJOR > 4)
|         #error "failed to find bdb 4.8+"
|       #endif
| 
|   ;
|   return 0;
| }
configure:11363: g++ -c -g -O2 -Wall -Wextra -Wformat -Wformat-security -Wno-unused-parameter  -Wstack-protector -fstack-protector-all -fPIE  -DBOOST_SPIRIT_THREADSAFE -DHAVE_BUILD_INFO -D__STDC_FORMAT_MACROS  -U_FORTIFY_SOURCE -D_FORTIFY_SOURCE=2 conftest.cpp >&5
conftest.cpp:27:31: error: bdb5/db_cxx.h: No such file or directory
conftest.cpp:34:10: error: #error "failed to find bdb 4.8+"
configure:11370: $? = 1
configure: failed program was:
| /* confdefs.h.  */
| #define PACKAGE_NAME "Nautiluscoin Core"
| #define PACKAGE_TARNAME "nautiluscoin"
| #define PACKAGE_VERSION "1.2.0"
| #define PACKAGE_STRING "Nautiluscoin Core 1.2.0"
| #define PACKAGE_BUGREPORT "support@nautiluscoin.co"
| #define STDC_HEADERS 1
| #define HAVE_SYS_TYPES_H 1
| #define HAVE_SYS_STAT_H 1
| #define HAVE_STDLIB_H 1
| #define HAVE_STRING_H 1
| #define HAVE_MEMORY_H 1
| #define HAVE_STRINGS_H 1
| #define HAVE_INTTYPES_H 1
| #define HAVE_STDINT_H 1
| #define HAVE_UNISTD_H 1
| #define HAVE_PTHREAD 1
| #define HAVE_STDIO_H 1
| #define HAVE_STDLIB_H 1
| #define HAVE_UNISTD_H 1
| #define HAVE_STRINGS_H 1
| #define HAVE_SYS_TYPES_H 1
| #define HAVE_SYS_STAT_H 1
| #define HAVE_MSG_NOSIGNAL 1
| /* end confdefs.h.  */
| 
|       #include <bdb5/db_cxx.h>
| 
| int
| main ()
| {
| 
|       #if !((DB_VERSION_MAJOR == 4 && DB_VERSION_MINOR >= 8) || DB_VERSION_MAJOR > 4)
|         #error "failed to find bdb 4.8+"
|       #endif
| 
|   ;
|   return 0;
| }
configure:11363: g++ -c -g -O2 -Wall -Wextra -Wformat -Wformat-security -Wno-unused-parameter  -Wstack-protector -fstack-protector-all -fPIE  -DBOOST_SPIRIT_THREADSAFE -DHAVE_BUILD_INFO -D__STDC_FORMAT_MACROS  -U_FORTIFY_SOURCE -D_FORTIFY_SOURCE=2 conftest.cpp >&5
conftest.cpp:27:33: error: libdb5/db_cxx.h: No such file or directory
conftest.cpp:34:10: error: #error "failed to find bdb 4.8+"
configure:11370: $? = 1
configure: failed program was:
| /* confdefs.h.  */
| #define PACKAGE_NAME "Nautiluscoin Core"
| #define PACKAGE_TARNAME "nautiluscoin"
| #define PACKAGE_VERSION "1.2.0"
| #define PACKAGE_STRING "Nautiluscoin Core 1.2.0"
| #define PACKAGE_BUGREPORT "support@nautiluscoin.co"
| #define STDC_HEADERS 1
| #define HAVE_SYS_TYPES_H 1
| #define HAVE_SYS_STAT_H 1
| #define HAVE_STDLIB_H 1
| #define HAVE_STRING_H 1
| #define HAVE_MEMORY_H 1
| #define HAVE_STRINGS_H 1
| #define HAVE_INTTYPES_H 1
| #define HAVE_STDINT_H 1
| #define HAVE_UNISTD_H 1
| #define HAVE_PTHREAD 1
| #define HAVE_STDIO_H 1
| #define HAVE_STDLIB_H 1
| #define HAVE_UNISTD_H 1
| #define HAVE_STRINGS_H 1
| #define HAVE_SYS_TYPES_H 1
| #define HAVE_SYS_STAT_H 1
| #define HAVE_MSG_NOSIGNAL 1
| /* end confdefs.h.  */
| 
|       #include <libdb5/db_cxx.h>
| 
| int
| main ()
| {
| 
|       #if !((DB_VERSION_MAJOR == 4 && DB_VERSION_MINOR >= 8) || DB_VERSION_MAJOR > 4)
|         #error "failed to find bdb 4.8+"
|       #endif
| 
|   ;
|   return 0;
| }
configure:11363: g++ -c -g -O2 -Wall -Wextra -Wformat -Wformat-security -Wno-unused-parameter  -Wstack-protector -fstack-protector-all -fPIE  -DBOOST_SPIRIT_THREADSAFE -DHAVE_BUILD_INFO -D__STDC_FORMAT_MACROS  -U_FORTIFY_SOURCE -D_FORTIFY_SOURCE=2 conftest.cpp >&5
conftest.cpp:27:30: error: db5/db_cxx.h: No such file or directory
conftest.cpp:34:10: error: #error "failed to find bdb 4.8+"
configure:11370: $? = 1
configure: failed program was:
| /* confdefs.h.  */
| #define PACKAGE_NAME "Nautiluscoin Core"
| #define PACKAGE_TARNAME "nautiluscoin"
| #define PACKAGE_VERSION "1.2.0"
| #define PACKAGE_STRING "Nautiluscoin Core 1.2.0"
| #define PACKAGE_BUGREPORT "support@nautiluscoin.co"
| #define STDC_HEADERS 1
| #define HAVE_SYS_TYPES_H 1
| #define HAVE_SYS_STAT_H 1
| #define HAVE_STDLIB_H 1
| #define HAVE_STRING_H 1
| #define HAVE_MEMORY_H 1
| #define HAVE_STRINGS_H 1
| #define HAVE_INTTYPES_H 1
| #define HAVE_STDINT_H 1
| #define HAVE_UNISTD_H 1
| #define HAVE_PTHREAD 1
| #define HAVE_STDIO_H 1
| #define HAVE_STDLIB_H 1
| #define HAVE_UNISTD_H 1
| #define HAVE_STRINGS_H 1
| #define HAVE_SYS_TYPES_H 1
| #define HAVE_SYS_STAT_H 1
| #define HAVE_MSG_NOSIGNAL 1
| /* end confdefs.h.  */
| 
|       #include <db5/db_cxx.h>
| 
| int
| main ()
| {
| 
|       #if !((DB_VERSION_MAJOR == 4 && DB_VERSION_MINOR >= 8) || DB_VERSION_MAJOR > 4)
|         #error "failed to find bdb 4.8+"
|       #endif
| 
|   ;
|   return 0;
| }
configure:11363: g++ -c -g -O2 -Wall -Wextra -Wformat -Wformat-security -Wno-unused-parameter  -Wstack-protector -fstack-protector-all -fPIE  -DBOOST_SPIRIT_THREADSAFE -DHAVE_BUILD_INFO -D__STDC_FORMAT_MACROS  -U_FORTIFY_SOURCE -D_FORTIFY_SOURCE=2 conftest.cpp >&5
conftest.cpp:27:30: error: bdb/db_cxx.h: No such file or directory
conftest.cpp:34:10: error: #error "failed to find bdb 4.8+"
configure:11370: $? = 1
configure: failed program was:
| /* confdefs.h.  */
| #define PACKAGE_NAME "Nautiluscoin Core"
| #define PACKAGE_TARNAME "nautiluscoin"
| #define PACKAGE_VERSION "1.2.0"
| #define PACKAGE_STRING "Nautiluscoin Core 1.2.0"
| #define PACKAGE_BUGREPORT "support@nautiluscoin.co"
| #define STDC_HEADERS 1
| #define HAVE_SYS_TYPES_H 1
| #define HAVE_SYS_STAT_H 1
| #define HAVE_STDLIB_H 1
| #define HAVE_STRING_H 1
| #define HAVE_MEMORY_H 1
| #define HAVE_STRINGS_H 1
| #define HAVE_INTTYPES_H 1
| #define HAVE_STDINT_H 1
| #define HAVE_UNISTD_H 1
| #define HAVE_PTHREAD 1
| #define HAVE_STDIO_H 1
| #define HAVE_STDLIB_H 1
| #define HAVE_UNISTD_H 1
| #define HAVE_STRINGS_H 1
| #define HAVE_SYS_TYPES_H 1
| #define HAVE_SYS_STAT_H 1
| #define HAVE_MSG_NOSIGNAL 1
| /* end confdefs.h.  */
| 
|       #include <bdb/db_cxx.h>
| 
| int
| main ()
| {
| 
|       #if !((DB_VERSION_MAJOR == 4 && DB_VERSION_MINOR >= 8) || DB_VERSION_MAJOR > 4)
|         #error "failed to find bdb 4.8+"
|       #endif
| 
|   ;
|   return 0;
| }
configure:11363: g++ -c -g -O2 -Wall -Wextra -Wformat -Wformat-security -Wno-unused-parameter  -Wstack-protector -fstack-protector-all -fPIE  -DBOOST_SPIRIT_THREADSAFE -DHAVE_BUILD_INFO -D__STDC_FORMAT_MACROS  -U_FORTIFY_SOURCE -D_FORTIFY_SOURCE=2 conftest.cpp >&5
conftest.cpp:27:32: error: libdb/db_cxx.h: No such file or directory
conftest.cpp:34:10: error: #error "failed to find bdb 4.8+"
configure:11370: $? = 1
configure: failed program was:
| /* confdefs.h.  */
| #define PACKAGE_NAME "Nautiluscoin Core"
| #define PACKAGE_TARNAME "nautiluscoin"
| #define PACKAGE_VERSION "1.2.0"
| #define PACKAGE_STRING "Nautiluscoin Core 1.2.0"
| #define PACKAGE_BUGREPORT "support@nautiluscoin.co"
| #define STDC_HEADERS 1
| #define HAVE_SYS_TYPES_H 1
| #define HAVE_SYS_STAT_H 1
| #define HAVE_STDLIB_H 1
| #define HAVE_STRING_H 1
| #define HAVE_MEMORY_H 1
| #define HAVE_STRINGS_H 1
| #define HAVE_INTTYPES_H 1
| #define HAVE_STDINT_H 1
| #define HAVE_UNISTD_H 1
| #define HAVE_PTHREAD 1
| #define HAVE_STDIO_H 1
| #define HAVE_STDLIB_H 1
| #define HAVE_UNISTD_H 1
| #define HAVE_STRINGS_H 1
| #define HAVE_SYS_TYPES_H 1
| #define HAVE_SYS_STAT_H 1
| #define HAVE_MSG_NOSIGNAL 1
| /* end confdefs.h.  */
| 
|       #include <libdb/db_cxx.h>
| 
| int
| main ()
| {
| 
|       #if !((DB_VERSION_MAJOR == 4 && DB_VERSION_MINOR >= 8) || DB_VERSION_MAJOR > 4)
|         #error "failed to find bdb 4.8+"
|       #endif
| 
|   ;
|   return 0;
| }
configure:11363: g++ -c -g -O2 -Wall -Wextra -Wformat -Wformat-security -Wno-unused-parameter  -Wstack-protector -fstack-protector-all -fPIE  -DBOOST_SPIRIT_THREADSAFE -DHAVE_BUILD_INFO -D__STDC_FORMAT_MACROS  -U_FORTIFY_SOURCE -D_FORTIFY_SOURCE=2 conftest.cpp >&5
conftest.cpp:27:29: error: db/db_cxx.h: No such file or directory
conftest.cpp:34:10: error: #error "failed to find bdb 4.8+"
configure:11370: $? = 1
configure: failed program was:
| /* confdefs.h.  */
| #define PACKAGE_NAME "Nautiluscoin Core"
| #define PACKAGE_TARNAME "nautiluscoin"
| #define PACKAGE_VERSION "1.2.0"
| #define PACKAGE_STRING "Nautiluscoin Core 1.2.0"
| #define PACKAGE_BUGREPORT "support@nautiluscoin.co"
| #define STDC_HEADERS 1
| #define HAVE_SYS_TYPES_H 1
| #define HAVE_SYS_STAT_H 1
| #define HAVE_STDLIB_H 1
| #define HAVE_STRING_H 1
| #define HAVE_MEMORY_H 1
| #define HAVE_STRINGS_H 1
| #define HAVE_INTTYPES_H 1
| #define HAVE_STDINT_H 1
| #define HAVE_UNISTD_H 1
| #define HAVE_PTHREAD 1
| #define HAVE_STDIO_H 1
| #define HAVE_STDLIB_H 1
| #define HAVE_UNISTD_H 1
| #define HAVE_STRINGS_H 1
| #define HAVE_SYS_TYPES_H 1
| #define HAVE_SYS_STAT_H 1
| #define HAVE_MSG_NOSIGNAL 1
| /* end confdefs.h.  */
| 
|       #include <db/db_cxx.h>
| 
| int
| main ()
| {
| 
|       #if !((DB_VERSION_MAJOR == 4 && DB_VERSION_MINOR >= 8) || DB_VERSION_MAJOR > 4)
|         #error "failed to find bdb 4.8+"
|       #endif
| 
|   ;
|   return 0;
| }
configure:11363: g++ -c -g -O2 -Wall -Wextra -Wformat -Wformat-security -Wno-unused-parameter  -Wstack-protector -fstack-protector-all -fPIE  -DBOOST_SPIRIT_THREADSAFE -DHAVE_BUILD_INFO -D__STDC_FORMAT_MACROS  -U_FORTIFY_SOURCE -D_FORTIFY_SOURCE=2 conftest.cpp >&5
conftest.cpp:34:10: error: #error "failed to find bdb 4.8+"
configure:11370: $? = 1
configure: failed program was:
| /* confdefs.h.  */
| #define PACKAGE_NAME "Nautiluscoin Core"
| #define PACKAGE_TARNAME "nautiluscoin"
| #define PACKAGE_VERSION "1.2.0"
| #define PACKAGE_STRING "Nautiluscoin Core 1.2.0"
| #define PACKAGE_BUGREPORT "support@nautiluscoin.co"
| #define STDC_HEADERS 1
| #define HAVE_SYS_TYPES_H 1
| #define HAVE_SYS_STAT_H 1
| #define HAVE_STDLIB_H 1
| #define HAVE_STRING_H 1
| #define HAVE_MEMORY_H 1
| #define HAVE_STRINGS_H 1
| #define HAVE_INTTYPES_H 1
| #define HAVE_STDINT_H 1
| #define HAVE_UNISTD_H 1
| #define HAVE_PTHREAD 1
| #define HAVE_STDIO_H 1
| #define HAVE_STDLIB_H 1
| #define HAVE_UNISTD_H 1
| #define HAVE_STRINGS_H 1
| #define HAVE_SYS_TYPES_H 1
| #define HAVE_SYS_STAT_H 1
| #define HAVE_MSG_NOSIGNAL 1
| /* end confdefs.h.  */
| 
|       #include <db_cxx.h>
| 
| int
| main ()
| {
| 
|       #if !((DB_VERSION_MAJOR == 4 && DB_VERSION_MINOR >= 8) || DB_VERSION_MAJOR > 4)
|         #error "failed to find bdb 4.8+"
|       #endif
| 
|   ;
|   return 0;
| }
configure:11443: result: no
configure:11445: error: libdb_cxx headers missing

## ---------------- ##
## Cache variables. ##
## ---------------- ##

ac_cv_build=x86_64-unknown-linux-gnu
ac_cv_c_bigendian=no
ac_cv_c_compiler_gnu=yes
ac_cv_cxx_compiler_gnu=yes
ac_cv_env_CCC_set=
ac_cv_env_CCC_value=
ac_cv_env_CC_set=
ac_cv_env_CC_value=
ac_cv_env_CFLAGS_set=
ac_cv_env_CFLAGS_value=
ac_cv_env_CPPFLAGS_set=
ac_cv_env_CPPFLAGS_value=
ac_cv_env_CPP_set=
ac_cv_env_CPP_value=
ac_cv_env_CRYPTO_CFLAGS_set=
ac_cv_env_CRYPTO_CFLAGS_value=
ac_cv_env_CRYPTO_LIBS_set=
ac_cv_env_CRYPTO_LIBS_value=
ac_cv_env_CXXCPP_set=
ac_cv_env_CXXCPP_value=
ac_cv_env_CXXFLAGS_set=
ac_cv_env_CXXFLAGS_value=
ac_cv_env_CXX_set=
ac_cv_env_CXX_value=
ac_cv_env_LDFLAGS_set=
ac_cv_env_LDFLAGS_value=
ac_cv_env_LIBS_set=
ac_cv_env_LIBS_value=
ac_cv_env_OBJCFLAGS_set=
ac_cv_env_OBJCFLAGS_value=
ac_cv_env_OBJC_set=
ac_cv_env_OBJC_value=
ac_cv_env_PKG_CONFIG_LIBDIR_set=
ac_cv_env_PKG_CONFIG_LIBDIR_value=
ac_cv_env_PKG_CONFIG_PATH_set=
ac_cv_env_PKG_CONFIG_PATH_value=
ac_cv_env_PKG_CONFIG_set=
ac_cv_env_PKG_CONFIG_value=
ac_cv_env_PROTOBUF_CFLAGS_set=
ac_cv_env_PROTOBUF_CFLAGS_value=
ac_cv_env_PROTOBUF_LIBS_set=
ac_cv_env_PROTOBUF_LIBS_value=
ac_cv_env_QR_CFLAGS_set=
ac_cv_env_QR_CFLAGS_value=
ac_cv_env_QR_LIBS_set=
ac_cv_env_QR_LIBS_value=
ac_cv_env_QT_CFLAGS_set=
ac_cv_env_QT_CFLAGS_value=
ac_cv_env_QT_DBUS_CFLAGS_set=
ac_cv_env_QT_DBUS_CFLAGS_value=
ac_cv_env_QT_DBUS_LIBS_set=
ac_cv_env_QT_DBUS_LIBS_value=
ac_cv_env_QT_LIBS_set=
ac_cv_env_QT_LIBS_value=
ac_cv_env_QT_TEST_CFLAGS_set=
ac_cv_env_QT_TEST_CFLAGS_value=
ac_cv_env_QT_TEST_LIBS_set=
ac_cv_env_QT_TEST_LIBS_value=
ac_cv_env_SSL_CFLAGS_set=
ac_cv_env_SSL_CFLAGS_value=
ac_cv_env_SSL_LIBS_set=
ac_cv_env_SSL_LIBS_value=
ac_cv_env_build_alias_set=
ac_cv_env_build_alias_value=
ac_cv_env_host_alias_set=
ac_cv_env_host_alias_value=
ac_cv_env_target_alias_set=
ac_cv_env_target_alias_value=
ac_cv_header_inttypes_h=yes
ac_cv_header_memory_h=yes
ac_cv_header_stdc=yes
ac_cv_header_stdint_h=yes
ac_cv_header_stdio_h=yes
ac_cv_header_stdlib_h=yes
ac_cv_header_string_h=yes
ac_cv_header_strings_h=yes
ac_cv_header_sys_stat_h=yes
ac_cv_header_sys_types_h=yes
ac_cv_header_unistd_h=yes
ac_cv_host=x86_64-unknown-linux-gnu
ac_cv_objc_compiler_gnu=no
ac_cv_objext=o
ac_cv_path_EGREP='/bin/grep -E'
ac_cv_path_GIT=/usr/bin/git
ac_cv_path_GREP=/bin/grep
ac_cv_path_HEXDUMP=/usr/bin/hexdump
ac_cv_path_SED=/bin/sed
ac_cv_path_XGETTEXT=/usr/bin/xgettext
ac_cv_path_ac_pt_AR=/usr/bin/ar
ac_cv_path_ac_pt_GCOV=/usr/bin/gcov
ac_cv_path_ac_pt_PKG_CONFIG=/usr/bin/pkg-config
ac_cv_path_ac_pt_RANLIB=/usr/bin/ranlib
ac_cv_path_ac_pt_STRIP=/usr/bin/strip
ac_cv_path_install='/usr/bin/install -c'
ac_cv_path_mkdir=/bin/mkdir
ac_cv_prog_AWK=gawk
ac_cv_prog_CPP='gcc -E'
ac_cv_prog_CXXCPP='g++ -E'
ac_cv_prog_ac_ct_CC=gcc
ac_cv_prog_ac_ct_CXX=g++
ac_cv_prog_ac_ct_OBJC=gcc
ac_cv_prog_cc_c89=
ac_cv_prog_cc_g=yes
ac_cv_prog_cxx_g=yes
ac_cv_prog_make_make_set=yes
ac_cv_prog_objc_g=no
ac_cv_sys_file_offset_bits=no
ac_cv_sys_largefile_CC=no
am_cv_CC_dependencies_compiler_type=gcc3
am_cv_CXX_dependencies_compiler_type=gcc3
am_cv_OBJC_dependencies_compiler_type=gcc3
ax_cv_PTHREAD_PRIO_INHERIT=no
ax_cv_check_cxxcppflags___D_FORTIFY_SOURCE_2=yes
ax_cv_check_cxxcppflags___U_FORTIFY_SOURCE=yes
ax_cv_check_cxxflags___Wstack_protector=yes
ax_cv_check_cxxflags___fPIE=yes
ax_cv_check_cxxflags___fstack_protector_all=yes
ax_cv_check_ldflags___Wl___dynamicbase=no
ax_cv_check_ldflags___Wl___large_address_aware=no
ax_cv_check_ldflags___Wl___nxcompat=no
ax_cv_check_ldflags___Wl__z_now=yes
ax_cv_check_ldflags___Wl__z_relro=yes
ax_cv_check_ldflags___pie=no

## ----------------- ##
## Output variables. ##
## ----------------- ##

ACLOCAL='${SHELL} /var/www/html/bearcoininfo/bearcoin/src/build-aux/missing --run aclocal-1.11'
AMDEPBACKSLASH='\'
AMDEP_FALSE='#'
AMDEP_TRUE=''
AMTAR='${SHELL} /var/www/html/bearcoininfo/bearcoin/src/build-aux/missing --run tar'
AM_BACKSLASH='\'
AM_DEFAULT_VERBOSITY='0'
AR='/usr/bin/ar'
AUTOCONF='${SHELL} /var/www/html/bearcoininfo/bearcoin/src/build-aux/missing --run autoconf'
AUTOHEADER='${SHELL} /var/www/html/bearcoininfo/bearcoin/src/build-aux/missing --run autoheader'
AUTOMAKE='${SHELL} /var/www/html/bearcoininfo/bearcoin/src/build-aux/missing --run automake-1.11'
AWK='gawk'
BDB_CPPFLAGS=''
BDB_LIBS=''
BOOST_CHRONO_LIB=''
BOOST_CPPFLAGS=''
BOOST_FILESYSTEM_LIB=''
BOOST_LDFLAGS=''
BOOST_LIBS=''
BOOST_PROGRAM_OPTIONS_LIB=''
BOOST_SYSTEM_LIB=''
BOOST_THREAD_LIB=''
BOOST_UNIT_TEST_FRAMEWORK_LIB=''
BREW=''
BUILD_NAUTILUSCOIND_FALSE=''
BUILD_NAUTILUSCOIND_TRUE=''
BUILD_NAUTILUSCOIN_CLI_FALSE=''
BUILD_NAUTILUSCOIN_CLI_TRUE=''
BUILD_QT=''
BUILD_TEST=''
BUILD_TEST_QT=''
CC='gcc'
CCACHE=''
CCDEPMODE='depmode=gcc3'
CFLAGS='-g -O2'
CLIENT_VERSION_BUILD=''
CLIENT_VERSION_IS_RELEASE=''
CLIENT_VERSION_MAJOR=''
CLIENT_VERSION_MINOR=''
CLIENT_VERSION_REVISION=''
COMPARISON_TOOL_REORG_TESTS='0'
COPYRIGHT_YEAR=''
CPP='gcc -E'
CPPFLAGS=' -DBOOST_SPIRIT_THREADSAFE -DHAVE_BUILD_INFO -D__STDC_FORMAT_MACROS  -U_FORTIFY_SOURCE -D_FORTIFY_SOURCE=2'
CRYPTO_CFLAGS=''
CRYPTO_LIBS=''
CXX='g++'
CXXCPP='g++ -E'
CXXDEPMODE='depmode=gcc3'
CXXFLAGS='-g -O2 -Wall -Wextra -Wformat -Wformat-security -Wno-unused-parameter  -Wstack-protector -fstack-protector-all -fPIE'
CYGPATH_W='echo'
DEFS=''
DEPDIR='.deps'
ECHO_C=''
ECHO_N='-n'
ECHO_T=''
EGREP='/bin/grep -E'
EMBEDDED_LEVELDB_FALSE='#'
EMBEDDED_LEVELDB_TRUE=''
ENABLE_WALLET_FALSE=''
ENABLE_WALLET_TRUE=''
EXEEXT=''
GCOV='/usr/bin/gcov'
GENHTML=''
GIT='/usr/bin/git'
GREP='/bin/grep'
HEXDUMP='/usr/bin/hexdump'
INCLUDES=' -pthread'
INSTALL_DATA='${INSTALL} -m 644'
INSTALL_PROGRAM='${INSTALL}'
INSTALL_SCRIPT='${INSTALL}'
INSTALL_STRIP_PROGRAM='$(install_sh) -c -s'
JAVA=''
JAVA_COMPARISON_TOOL=''
LCOV=''
LDFLAGS='  -Wl,-z,relro -Wl,-z,now'
LEVELDB_CPPFLAGS=''
LEVELDB_TARGET_FLAGS=''
LIBLEVELDB=''
LIBMEMENV=''
LIBOBJS=''
LIBS=''
LRELEASE=''
LTLIBOBJS=''
LUPDATE=''
MAINT=''
MAINTAINER_MODE_FALSE='#'
MAINTAINER_MODE_TRUE=''
MAKEINFO='${SHELL} /var/www/html/bearcoininfo/bearcoin/src/build-aux/missing --run makeinfo'
MAKENSIS=''
MKDIR_P='/bin/mkdir -p'
MOC=''
MOC_DEFS=''
OBJC='gcc'
OBJCDEPMODE='depmode=gcc3'
OBJCFLAGS=''
OBJEXT='o'
PACKAGE='nautiluscoin'
PACKAGE_BUGREPORT='support@nautiluscoin.co'
PACKAGE_NAME='Nautiluscoin Core'
PACKAGE_STRING='Nautiluscoin Core 1.2.0'
PACKAGE_TARNAME='nautiluscoin'
PACKAGE_VERSION='1.2.0'
PATH_SEPARATOR=':'
PKG_CONFIG=''
PKG_CONFIG_LIBDIR=''
PKG_CONFIG_PATH=''
PORT=''
PROTOBUF_CFLAGS=''
PROTOBUF_LIBS=''
PROTOC=''
PTHREAD_CC='gcc'
PTHREAD_CFLAGS='-pthread'
PTHREAD_LIBS=''
QR_CFLAGS=''
QR_LIBS=''
QT_CFLAGS=''
QT_DBUS_CFLAGS=''
QT_DBUS_INCLUDES=''
QT_DBUS_LIBS=''
QT_INCLUDES=''
QT_LDFLAGS=''
QT_LIBS=''
QT_SELECT=''
QT_TEST_CFLAGS=''
QT_TEST_INCLUDES=''
QT_TEST_LIBS=''
RANLIB='/usr/bin/ranlib'
RCC=''
SED='/bin/sed'
SET_MAKE=''
SHELL='/bin/sh'
SSL_CFLAGS=''
SSL_LIBS=''
STRIP='/usr/bin/strip'
TARGET_DARWIN_FALSE=''
TARGET_DARWIN_TRUE=''
TARGET_WINDOWS_FALSE=''
TARGET_WINDOWS_TRUE=''
TESTDEFS=''
UIC=''
USE_COMPARISON_TOOL_FALSE=''
USE_COMPARISON_TOOL_REORG_TESTS_FALSE=''
USE_COMPARISON_TOOL_REORG_TESTS_TRUE=''
USE_COMPARISON_TOOL_TRUE=''
USE_IPV6=''
USE_LCOV_FALSE=''
USE_LCOV_TRUE=''
USE_QRCODE=''
USE_QRCODE_FALSE=''
USE_QRCODE_TRUE=''
USE_UPNP=''
VERSION='1.2.0'
WINDOWS_BITS=''
WINDRES=''
XGETTEXT='/usr/bin/xgettext'
ac_ct_CC='gcc'
ac_ct_CXX='g++'
ac_ct_OBJC='gcc'
am__EXEEXT_FALSE=''
am__EXEEXT_TRUE=''
am__fastdepCC_FALSE='#'
am__fastdepCC_TRUE=''
am__fastdepCXX_FALSE='#'
am__fastdepCXX_TRUE=''
am__fastdepOBJC_FALSE='#'
am__fastdepOBJC_TRUE=''
am__include='include'
am__isrc=''
am__leading_dot='.'
am__quote=''
am__tar='${AMTAR} chof - "$$tardir"'
am__untar='${AMTAR} xf -'
ax_pthread_config=''
bindir='${exec_prefix}/bin'
build='x86_64-unknown-linux-gnu'
build_alias=''
build_cpu='x86_64'
build_os='linux-gnu'
build_vendor='unknown'
datadir='${datarootdir}'
datarootdir='${prefix}/share'
docdir='${datarootdir}/doc/${PACKAGE_TARNAME}'
dvidir='${docdir}'
exec_prefix='NONE'
host='x86_64-unknown-linux-gnu'
host_alias=''
host_cpu='x86_64'
host_os='linux-gnu'
host_vendor='unknown'
htmldir='${docdir}'
includedir='${prefix}/include'
infodir='${datarootdir}/info'
install_sh='${SHELL} /var/www/html/bearcoininfo/bearcoin/src/build-aux/install-sh'
libdir='${exec_prefix}/lib'
libexecdir='${exec_prefix}/libexec'
localedir='${datarootdir}/locale'
localstatedir='${prefix}/var'
mandir='${datarootdir}/man'
mkdir_p='/bin/mkdir -p'
oldincludedir='/usr/include'
pdfdir='${docdir}'
prefix='NONE'
program_transform_name='s,x,x,'
psdir='${docdir}'
sbindir='${exec_prefix}/sbin'
sharedstatedir='${prefix}/com'
sysconfdir='${prefix}/etc'
target_alias=''

## ----------- ##
## confdefs.h. ##
## ----------- ##

#define PACKAGE_NAME "Nautiluscoin Core"
#define PACKAGE_TARNAME "nautiluscoin"
#define PACKAGE_VERSION "1.2.0"
#define PACKAGE_STRING "Nautiluscoin Core 1.2.0"
#define PACKAGE_BUGREPORT "support@nautiluscoin.co"
#define STDC_HEADERS 1
#define HAVE_SYS_TYPES_H 1
#define HAVE_SYS_STAT_H 1
#define HAVE_STDLIB_H 1
#define HAVE_STRING_H 1
#define HAVE_MEMORY_H 1
#define HAVE_STRINGS_H 1
#define HAVE_INTTYPES_H 1
#define HAVE_STDINT_H 1
#define HAVE_UNISTD_H 1
#define HAVE_PTHREAD 1
#define HAVE_STDIO_H 1
#define HAVE_STDLIB_H 1
#define HAVE_UNISTD_H 1
#define HAVE_STRINGS_H 1
#define HAVE_SYS_TYPES_H 1
#define HAVE_SYS_STAT_H 1
#define HAVE_MSG_NOSIGNAL 1

configure: exit 1
